[debug] [2019-07-04T08:55:36.432Z] ----------------------------------------------------------------------
[debug] [2019-07-04T08:55:36.434Z] Command:       C:\Program Files\nodejs\node.exe C:\Users\Administrator\AppData\Roaming\npm\node_modules\firebase-tools\lib\bin\firebase.js deploy
[debug] [2019-07-04T08:55:36.434Z] CLI Version:   7.0.2
[debug] [2019-07-04T08:55:36.434Z] Platform:      win32
[debug] [2019-07-04T08:55:36.434Z] Node Version:  v10.16.0
[debug] [2019-07-04T08:55:36.435Z] Time:          Thu Jul 04 2019 15:55:36 GMT+0700 (GMT+07:00)
[debug] [2019-07-04T08:55:36.435Z] ----------------------------------------------------------------------
[debug] 
[debug] [2019-07-04T08:55:36.441Z] > command requires scopes: ["email","openid","https://www.googleapis.com/auth/cloudplatformprojects.readonly","https://www.googleapis.com/auth/firebase","https://www.googleapis.com/auth/cloud-platform"]
[debug] [2019-07-04T08:55:36.441Z] > authorizing via signed-in user
[debug] [2019-07-04T08:55:36.441Z] [iam] checking project shippingsystem-12669 for permissions ["datastore.indexes.create","datastore.indexes.delete","datastore.indexes.list","datastore.indexes.update","firebase.projects.get","firebasedatabase.instances.update","firebasehosting.sites.update"]
[debug] [2019-07-04T08:55:36.443Z] >>> HTTP REQUEST POST https://cloudresourcemanager.googleapis.com/v1/projects/shippingsystem-12669:testIamPermissions  

[debug] [2019-07-04T08:55:37.725Z] <<< HTTP RESPONSE 200
[debug] [2019-07-04T08:55:37.726Z] >>> HTTP REQUEST GET https://firebase.googleapis.com/v1beta1/projects/shippingsystem-12669  
 
[debug] [2019-07-04T08:55:38.084Z] <<< HTTP RESPONSE 200
[info] 
[info] === Deploying to 'shippingsystem-12669'...
[info] 
[info] i  deploying database, firestore, hosting
[info] i  database: checking rules syntax...
[debug] [2019-07-04T08:55:38.087Z] >>> HTTP REQUEST PUT https://shippingsystem-12669.firebaseio.com/.settings/rules.json?dryRun=true  
 {
  "rules": {
    ".read": true,
    ".write": true
  }
}

[debug] [2019-07-04T08:55:39.006Z] <<< HTTP RESPONSE 200
[info] +  database: rules syntax for database shippingsystem-12669 is valid
[info] i  firestore: checking firestore.rules for compilation errors...
[info] i  firestore: reading indexes from firestore.indexes.json...
[debug] [2019-07-04T08:55:39.009Z] >>> HTTP REQUEST POST https://firebaserules.googleapis.com/v1/projects/shippingsystem-12669:test  

[debug] [2019-07-04T08:55:40.410Z] <<< HTTP RESPONSE 200
[info] +  firestore: rules file firestore.rules compiled successfully
[debug] [2019-07-04T08:55:40.412Z] >>> HTTP REQUEST POST https://firebasehosting.googleapis.com/v1beta1/sites/shippingsystem-12669/versions  

[debug] [2019-07-04T08:55:44.605Z] <<< HTTP RESPONSE 200
[info] i  firestore: uploading rules firestore.rules...
[debug] [2019-07-04T08:55:44.607Z] >>> HTTP REQUEST POST https://firebaserules.googleapis.com/v1/projects/shippingsystem-12669/rulesets  

[debug] [2019-07-04T08:55:44.608Z] >>> HTTP REQUEST GET https://firestore.googleapis.com/v1beta2/projects/shippingsystem-12669/databases/(default)/collectionGroups/-/indexes  
 
